<testsuites id="" name="" tests="7" failures="0" skipped="0" errors="0" time="37.889668">
<testsuite name="performance-user.spec.ts" timestamp="2025-08-26T10:56:34.543Z" hostname="chromium" tests="1" failures="0" skipped="0" time="12.563" errors="0">
<testcase name="SauceDemo Performance Glitch User › should login as performance glitch user and load inventory" classname="performance-user.spec.ts" time="12.563">
<system-out>
<![CDATA[15:56:40 [[32minfo[39m] [CommonUtils]: STEP: Navigating to: https://www.saucedemo.com/ 
15:56:41 [[32minfo[39m] [CommonUtils]: STEP: Waiting for page to load 
]]>
</system-out>
</testcase>
</testsuite>
<testsuite name="performance-user.spec.ts" timestamp="2025-08-26T10:56:34.543Z" hostname="firefox" tests="1" failures="0" skipped="0" time="13.084" errors="0">
<testcase name="SauceDemo Performance Glitch User › should login as performance glitch user and load inventory" classname="performance-user.spec.ts" time="13.084">
<system-out>
<![CDATA[15:56:41 [[32minfo[39m] [CommonUtils]: STEP: Navigating to: https://www.saucedemo.com/ 
15:56:44 [[32minfo[39m] [CommonUtils]: STEP: Waiting for page to load 
]]>
</system-out>
</testcase>
</testsuite>
<testsuite name="performance-user.spec.ts" timestamp="2025-08-26T10:56:34.543Z" hostname="webkit" tests="1" failures="0" skipped="0" time="14.008" errors="0">
<testcase name="SauceDemo Performance Glitch User › should login as performance glitch user and load inventory" classname="performance-user.spec.ts" time="14.008">
<system-out>
<![CDATA[15:56:38 [[32minfo[39m] [CommonUtils]: STEP: Navigating to: https://www.saucedemo.com/ 
15:56:40 [[32minfo[39m] [CommonUtils]: STEP: Waiting for page to load 
]]>
</system-out>
</testcase>
</testsuite>
<testsuite name="performance-user.spec.ts" timestamp="2025-08-26T10:56:34.543Z" hostname="Mobile Chrome" tests="1" failures="0" skipped="0" time="12.223" errors="0">
<testcase name="SauceDemo Performance Glitch User › should login as performance glitch user and load inventory" classname="performance-user.spec.ts" time="12.223">
<system-out>
<![CDATA[15:56:39 [[32minfo[39m] [CommonUtils]: STEP: Navigating to: https://www.saucedemo.com/ 
15:56:40 [[32minfo[39m] [CommonUtils]: STEP: Waiting for page to load 
]]>
</system-out>
</testcase>
</testsuite>
<testsuite name="performance-user.spec.ts" timestamp="2025-08-26T10:56:34.543Z" hostname="Mobile Safari" tests="1" failures="0" skipped="0" time="12.667" errors="0">
<testcase name="SauceDemo Performance Glitch User › should login as performance glitch user and load inventory" classname="performance-user.spec.ts" time="12.667">
<system-out>
<![CDATA[15:56:54 [[32minfo[39m] [CommonUtils]: STEP: Navigating to: https://www.saucedemo.com/ 
15:56:56 [[32minfo[39m] [CommonUtils]: STEP: Waiting for page to load 
]]>
</system-out>
</testcase>
</testsuite>
<testsuite name="performance-user.spec.ts" timestamp="2025-08-26T10:56:34.543Z" hostname="Microsoft Edge" tests="1" failures="0" skipped="0" time="10.772" errors="0">
<testcase name="SauceDemo Performance Glitch User › should login as performance glitch user and load inventory" classname="performance-user.spec.ts" time="10.772">
<system-out>
<![CDATA[15:56:56 [[32minfo[39m] [CommonUtils]: STEP: Navigating to: https://www.saucedemo.com/ 
15:56:57 [[32minfo[39m] [CommonUtils]: STEP: Waiting for page to load 
]]>
</system-out>
</testcase>
</testsuite>
<testsuite name="performance-user.spec.ts" timestamp="2025-08-26T10:56:34.543Z" hostname="Google Chrome" tests="1" failures="0" skipped="0" time="10.53" errors="0">
<testcase name="SauceDemo Performance Glitch User › should login as performance glitch user and load inventory" classname="performance-user.spec.ts" time="10.53">
<system-out>
<![CDATA[15:56:57 [[32minfo[39m] [CommonUtils]: STEP: Navigating to: https://www.saucedemo.com/ 
15:56:58 [[32minfo[39m] [CommonUtils]: STEP: Waiting for page to load 
]]>
</system-out>
</testcase>
</testsuite>
</testsuites>