<testsuites id="" name="" tests="14" failures="0" skipped="0" errors="0" time="52.990649000000005">
<testsuite name="login.spec.ts" timestamp="2025-08-25T10:37:21.445Z" hostname="chromium" tests="2" failures="0" skipped="0" time="13.895" errors="0">
<testcase name="SauceDemo Login E2E › should login successfully with standard user" classname="login.spec.ts" time="7.115">
<system-out>
<![CDATA[15:37:26 [[32minfo[39m] [CommonUtils]: STEP: Navigating to: https://www.saucedemo.com/ 
15:37:27 [[32minfo[39m] [CommonUtils]: STEP: Waiting for page to load 
]]>
</system-out>
</testcase>
<testcase name="SauceDemo Login E2E › should show error for locked out user" classname="login.spec.ts" time="6.78">
<system-out>
<![CDATA[15:37:26 [[32minfo[39m] [CommonUtils]: STEP: Navigating to: https://www.saucedemo.com/ 
15:37:27 [[32minfo[39m] [CommonUtils]: STEP: Waiting for page to load 
]]>
</system-out>
</testcase>
</testsuite>
<testsuite name="login.spec.ts" timestamp="2025-08-25T10:37:21.445Z" hostname="firefox" tests="2" failures="0" skipped="0" time="23.164" errors="0">
<testcase name="SauceDemo Login E2E › should login successfully with standard user" classname="login.spec.ts" time="10.545">
<system-out>
<![CDATA[15:37:31 [[32minfo[39m] [CommonUtils]: STEP: Navigating to: https://www.saucedemo.com/ 
15:37:34 [[32minfo[39m] [CommonUtils]: STEP: Waiting for page to load 
]]>
</system-out>
</testcase>
<testcase name="SauceDemo Login E2E › should show error for locked out user" classname="login.spec.ts" time="12.619">
<system-out>
<![CDATA[15:37:29 [[32minfo[39m] [CommonUtils]: STEP: Navigating to: https://www.saucedemo.com/ 
15:37:34 [[32minfo[39m] [CommonUtils]: STEP: Waiting for page to load 
]]>
</system-out>
</testcase>
</testsuite>
<testsuite name="login.spec.ts" timestamp="2025-08-25T10:37:21.445Z" hostname="webkit" tests="2" failures="0" skipped="0" time="16.937" errors="0">
<testcase name="SauceDemo Login E2E › should login successfully with standard user" classname="login.spec.ts" time="8.485">
<system-out>
<![CDATA[15:37:39 [[32minfo[39m] [CommonUtils]: STEP: Navigating to: https://www.saucedemo.com/ 
15:37:41 [[32minfo[39m] [CommonUtils]: STEP: Waiting for page to load 
]]>
</system-out>
</testcase>
<testcase name="SauceDemo Login E2E › should show error for locked out user" classname="login.spec.ts" time="8.452">
<system-out>
<![CDATA[15:37:39 [[32minfo[39m] [CommonUtils]: STEP: Navigating to: https://www.saucedemo.com/ 
15:37:40 [[32minfo[39m] [CommonUtils]: STEP: Waiting for page to load 
]]>
</system-out>
</testcase>
</testsuite>
<testsuite name="login.spec.ts" timestamp="2025-08-25T10:37:21.445Z" hostname="Mobile Chrome" tests="2" failures="0" skipped="0" time="14.792" errors="0">
<testcase name="SauceDemo Login E2E › should login successfully with standard user" classname="login.spec.ts" time="7.225">
<system-out>
<![CDATA[15:37:46 [[32minfo[39m] [CommonUtils]: STEP: Navigating to: https://www.saucedemo.com/ 
15:37:47 [[32minfo[39m] [CommonUtils]: STEP: Waiting for page to load 
]]>
</system-out>
</testcase>
<testcase name="SauceDemo Login E2E › should show error for locked out user" classname="login.spec.ts" time="7.567">
<system-out>
<![CDATA[15:37:46 [[32minfo[39m] [CommonUtils]: STEP: Navigating to: https://www.saucedemo.com/ 
15:37:48 [[32minfo[39m] [CommonUtils]: STEP: Waiting for page to load 
]]>
</system-out>
</testcase>
</testsuite>
<testsuite name="login.spec.ts" timestamp="2025-08-25T10:37:21.445Z" hostname="Mobile Safari" tests="2" failures="0" skipped="0" time="19.571" errors="0">
<testcase name="SauceDemo Login E2E › should login successfully with standard user" classname="login.spec.ts" time="9.89">
<system-out>
<![CDATA[15:37:52 [[32minfo[39m] [CommonUtils]: STEP: Navigating to: https://www.saucedemo.com/ 
15:37:53 [[32minfo[39m] [CommonUtils]: STEP: Waiting for page to load 
]]>
</system-out>
</testcase>
<testcase name="SauceDemo Login E2E › should show error for locked out user" classname="login.spec.ts" time="9.681">
<system-out>
<![CDATA[15:37:52 [[32minfo[39m] [CommonUtils]: STEP: Navigating to: https://www.saucedemo.com/ 
15:37:53 [[32minfo[39m] [CommonUtils]: STEP: Waiting for page to load 
]]>
</system-out>
</testcase>
</testsuite>
<testsuite name="login.spec.ts" timestamp="2025-08-25T10:37:21.445Z" hostname="Microsoft Edge" tests="2" failures="0" skipped="0" time="11.225" errors="0">
<testcase name="SauceDemo Login E2E › should login successfully with standard user" classname="login.spec.ts" time="5.545">
<system-out>
<![CDATA[15:37:56 [[32minfo[39m] [CommonUtils]: STEP: Navigating to: https://www.saucedemo.com/ 
15:37:58 [[32minfo[39m] [CommonUtils]: STEP: Waiting for page to load 
]]>
</system-out>
</testcase>
<testcase name="SauceDemo Login E2E › should show error for locked out user" classname="login.spec.ts" time="5.68">
<system-out>
<![CDATA[15:37:58 [[32minfo[39m] [CommonUtils]: STEP: Navigating to: https://www.saucedemo.com/ 
15:37:59 [[32minfo[39m] [CommonUtils]: STEP: Waiting for page to load 
]]>
</system-out>
</testcase>
</testsuite>
<testsuite name="login.spec.ts" timestamp="2025-08-25T10:37:21.445Z" hostname="Google Chrome" tests="2" failures="0" skipped="0" time="11.409" errors="0">
<testcase name="SauceDemo Login E2E › should login successfully with standard user" classname="login.spec.ts" time="5.756">
<system-out>
<![CDATA[15:38:05 [[32minfo[39m] [CommonUtils]: STEP: Navigating to: https://www.saucedemo.com/ 
15:38:06 [[32minfo[39m] [CommonUtils]: STEP: Waiting for page to load 
]]>
</system-out>
</testcase>
<testcase name="SauceDemo Login E2E › should show error for locked out user" classname="login.spec.ts" time="5.653">
<system-out>
<![CDATA[15:38:05 [[32minfo[39m] [CommonUtils]: STEP: Navigating to: https://www.saucedemo.com/ 
15:38:06 [[32minfo[39m] [CommonUtils]: STEP: Waiting for page to load 
]]>
</system-out>
</testcase>
</testsuite>
</testsuites>