<testsuites id="" name="" tests="14" failures="0" skipped="0" errors="0" time="51.320234000000006">
<testsuite name="login.spec.ts" timestamp="2025-08-25T11:58:13.292Z" hostname="chromium" tests="2" failures="0" skipped="0" time="13.157" errors="0">
<testcase name="SauceDemo Login E2E › should login successfully with standard user" classname="login.spec.ts" time="6.721">
<system-out>
<![CDATA[16:58:18 [[32minfo[39m] [CommonUtils]: STEP: Navigating to: https://www.saucedemo.com/ 
16:58:19 [[32minfo[39m] [CommonUtils]: STEP: Waiting for page to load 
]]>
</system-out>
</testcase>
<testcase name="SauceDemo Login E2E › should show error for locked out user" classname="login.spec.ts" time="6.436">
<system-out>
<![CDATA[16:58:18 [[32minfo[39m] [CommonUtils]: STEP: Navigating to: https://www.saucedemo.com/ 
16:58:19 [[32minfo[39m] [CommonUtils]: STEP: Waiting for page to load 
]]>
</system-out>
</testcase>
</testsuite>
<testsuite name="login.spec.ts" timestamp="2025-08-25T11:58:13.292Z" hostname="firefox" tests="2" failures="0" skipped="0" time="22.098" errors="0">
<testcase name="SauceDemo Login E2E › should login successfully with standard user" classname="login.spec.ts" time="9.859">
<system-out>
<![CDATA[16:58:23 [[32minfo[39m] [CommonUtils]: STEP: Navigating to: https://www.saucedemo.com/ 
16:58:25 [[32minfo[39m] [CommonUtils]: STEP: Waiting for page to load 
]]>
</system-out>
</testcase>
<testcase name="SauceDemo Login E2E › should show error for locked out user" classname="login.spec.ts" time="12.239">
<system-out>
<![CDATA[16:58:20 [[32minfo[39m] [CommonUtils]: STEP: Navigating to: https://www.saucedemo.com/ 
16:58:25 [[32minfo[39m] [CommonUtils]: STEP: Waiting for page to load 
]]>
</system-out>
</testcase>
</testsuite>
<testsuite name="login.spec.ts" timestamp="2025-08-25T11:58:13.292Z" hostname="webkit" tests="2" failures="0" skipped="0" time="15.601" errors="0">
<testcase name="SauceDemo Login E2E › should login successfully with standard user" classname="login.spec.ts" time="7.882">
<system-out>
<![CDATA[16:58:31 [[32minfo[39m] [CommonUtils]: STEP: Navigating to: https://www.saucedemo.com/ 
16:58:32 [[32minfo[39m] [CommonUtils]: STEP: Waiting for page to load 
]]>
</system-out>
</testcase>
<testcase name="SauceDemo Login E2E › should show error for locked out user" classname="login.spec.ts" time="7.719">
<system-out>
<![CDATA[16:58:31 [[32minfo[39m] [CommonUtils]: STEP: Navigating to: https://www.saucedemo.com/ 
16:58:32 [[32minfo[39m] [CommonUtils]: STEP: Waiting for page to load 
]]>
</system-out>
</testcase>
</testsuite>
<testsuite name="login.spec.ts" timestamp="2025-08-25T11:58:13.292Z" hostname="Mobile Chrome" tests="2" failures="0" skipped="0" time="15.365" errors="0">
<testcase name="SauceDemo Login E2E › should login successfully with standard user" classname="login.spec.ts" time="7.906">
<system-out>
<![CDATA[16:58:37 [[32minfo[39m] [CommonUtils]: STEP: Navigating to: https://www.saucedemo.com/ 
16:58:39 [[32minfo[39m] [CommonUtils]: STEP: Waiting for page to load 
]]>
</system-out>
</testcase>
<testcase name="SauceDemo Login E2E › should show error for locked out user" classname="login.spec.ts" time="7.459">
<system-out>
<![CDATA[16:58:37 [[32minfo[39m] [CommonUtils]: STEP: Navigating to: https://www.saucedemo.com/ 
16:58:38 [[32minfo[39m] [CommonUtils]: STEP: Waiting for page to load 
]]>
</system-out>
</testcase>
</testsuite>
<testsuite name="login.spec.ts" timestamp="2025-08-25T11:58:13.292Z" hostname="Mobile Safari" tests="2" failures="0" skipped="0" time="19.109" errors="0">
<testcase name="SauceDemo Login E2E › should login successfully with standard user" classname="login.spec.ts" time="9.526">
<system-out>
<![CDATA[16:58:42 [[32minfo[39m] [CommonUtils]: STEP: Navigating to: https://www.saucedemo.com/ 
16:58:44 [[32minfo[39m] [CommonUtils]: STEP: Waiting for page to load 
]]>
</system-out>
</testcase>
<testcase name="SauceDemo Login E2E › should show error for locked out user" classname="login.spec.ts" time="9.583">
<system-out>
<![CDATA[16:58:43 [[32minfo[39m] [CommonUtils]: STEP: Navigating to: https://www.saucedemo.com/ 
16:58:44 [[32minfo[39m] [CommonUtils]: STEP: Waiting for page to load 
]]>
</system-out>
</testcase>
</testsuite>
<testsuite name="login.spec.ts" timestamp="2025-08-25T11:58:13.292Z" hostname="Microsoft Edge" tests="2" failures="0" skipped="0" time="10.381" errors="0">
<testcase name="SauceDemo Login E2E › should login successfully with standard user" classname="login.spec.ts" time="5.46">
<system-out>
<![CDATA[16:58:48 [[32minfo[39m] [CommonUtils]: STEP: Navigating to: https://www.saucedemo.com/ 
16:58:50 [[32minfo[39m] [CommonUtils]: STEP: Waiting for page to load 
]]>
</system-out>
</testcase>
<testcase name="SauceDemo Login E2E › should show error for locked out user" classname="login.spec.ts" time="4.921">
<system-out>
<![CDATA[16:58:47 [[32minfo[39m] [CommonUtils]: STEP: Navigating to: https://www.saucedemo.com/ 
16:58:48 [[32minfo[39m] [CommonUtils]: STEP: Waiting for page to load 
]]>
</system-out>
</testcase>
</testsuite>
<testsuite name="login.spec.ts" timestamp="2025-08-25T11:58:13.292Z" hostname="Google Chrome" tests="2" failures="0" skipped="0" time="10.059" errors="0">
<testcase name="SauceDemo Login E2E › should login successfully with standard user" classname="login.spec.ts" time="5.12">
<system-out>
<![CDATA[16:58:55 [[32minfo[39m] [CommonUtils]: STEP: Navigating to: https://www.saucedemo.com/ 
16:58:56 [[32minfo[39m] [CommonUtils]: STEP: Waiting for page to load 
]]>
</system-out>
</testcase>
<testcase name="SauceDemo Login E2E › should show error for locked out user" classname="login.spec.ts" time="4.939">
<system-out>
<![CDATA[16:58:55 [[32minfo[39m] [CommonUtils]: STEP: Navigating to: https://www.saucedemo.com/ 
16:58:56 [[32minfo[39m] [CommonUtils]: STEP: Waiting for page to load 
]]>
</system-out>
</testcase>
</testsuite>
</testsuites>