<testsuites id="" name="" tests="7" failures="0" skipped="0" errors="0" time="31.992079">
<testsuite name="logout.spec.ts" timestamp="2025-08-25T11:39:55.300Z" hostname="chromium" tests="1" failures="0" skipped="0" time="10.46" errors="0">
<testcase name="SauceDemo Logout › should logout and redirect to login page" classname="logout.spec.ts" time="10.46">
<system-out>
<![CDATA[16:40:00 [[32minfo[39m] [CommonUtils]: STEP: Navigating to: https://www.saucedemo.com/ 
16:40:01 [[32minfo[39m] [CommonUtils]: STEP: Waiting for page to load 
]]>
</system-out>
</testcase>
</testsuite>
<testsuite name="logout.spec.ts" timestamp="2025-08-25T11:39:55.300Z" hostname="firefox" tests="1" failures="0" skipped="0" time="10.745" errors="0">
<testcase name="SauceDemo Logout › should logout and redirect to login page" classname="logout.spec.ts" time="10.745">
<system-out>
<![CDATA[16:40:02 [[32minfo[39m] [CommonUtils]: STEP: Navigating to: https://www.saucedemo.com/ 
16:40:05 [[32minfo[39m] [CommonUtils]: STEP: Waiting for page to load 
]]>
</system-out>
</testcase>
</testsuite>
<testsuite name="logout.spec.ts" timestamp="2025-08-25T11:39:55.300Z" hostname="webkit" tests="1" failures="0" skipped="0" time="11.533" errors="0">
<testcase name="SauceDemo Logout › should logout and redirect to login page" classname="logout.spec.ts" time="11.533">
<system-out>
<![CDATA[16:39:58 [[32minfo[39m] [CommonUtils]: STEP: Navigating to: https://www.saucedemo.com/ 
16:40:00 [[32minfo[39m] [CommonUtils]: STEP: Waiting for page to load 
]]>
</system-out>
</testcase>
</testsuite>
<testsuite name="logout.spec.ts" timestamp="2025-08-25T11:39:55.300Z" hostname="Mobile Chrome" tests="1" failures="0" skipped="0" time="9.142" errors="0">
<testcase name="SauceDemo Logout › should logout and redirect to login page" classname="logout.spec.ts" time="9.142">
<system-out>
<![CDATA[16:40:00 [[32minfo[39m] [CommonUtils]: STEP: Navigating to: https://www.saucedemo.com/ 
16:40:01 [[32minfo[39m] [CommonUtils]: STEP: Waiting for page to load 
]]>
</system-out>
</testcase>
</testsuite>
<testsuite name="logout.spec.ts" timestamp="2025-08-25T11:39:55.300Z" hostname="Mobile Safari" tests="1" failures="0" skipped="0" time="10.138" errors="0">
<testcase name="SauceDemo Logout › should logout and redirect to login page" classname="logout.spec.ts" time="10.138">
<system-out>
<![CDATA[16:40:16 [[32minfo[39m] [CommonUtils]: STEP: Navigating to: https://www.saucedemo.com/ 
16:40:17 [[32minfo[39m] [CommonUtils]: STEP: Waiting for page to load 
]]>
</system-out>
</testcase>
</testsuite>
<testsuite name="logout.spec.ts" timestamp="2025-08-25T11:39:55.300Z" hostname="Microsoft Edge" tests="1" failures="0" skipped="0" time="7.177" errors="0">
<testcase name="SauceDemo Logout › should logout and redirect to login page" classname="logout.spec.ts" time="7.177">
<system-out>
<![CDATA[16:40:16 [[32minfo[39m] [CommonUtils]: STEP: Navigating to: https://www.saucedemo.com/ 
16:40:17 [[32minfo[39m] [CommonUtils]: STEP: Waiting for page to load 
]]>
</system-out>
</testcase>
</testsuite>
<testsuite name="logout.spec.ts" timestamp="2025-08-25T11:39:55.300Z" hostname="Google Chrome" tests="1" failures="0" skipped="0" time="7.206" errors="0">
<testcase name="SauceDemo Logout › should logout and redirect to login page" classname="logout.spec.ts" time="7.206">
<system-out>
<![CDATA[16:40:16 [[32minfo[39m] [CommonUtils]: STEP: Navigating to: https://www.saucedemo.com/ 
16:40:17 [[32minfo[39m] [CommonUtils]: STEP: Waiting for page to load 
]]>
</system-out>
</testcase>
</testsuite>
</testsuites>